<?xml version="1.0" encoding="UTF-8"?>
<!-- Generated by org.testng.reporters.JUnitReportReporter -->
<testsuite skipped="0" hostname="ALIPLR2726" name="accion.ando.RestAPiTest" tests="2" failures="0" timestamp="03 Mar 2020 17:22:19 GMT" time="0.001" errors="0">
  <testcase name="nativerest" time="0.001" classname="accion.ando.RestAPiTest"/>
  <testcase name="nativerest2" time="0.000" classname="accion.ando.RestAPiTest"/>
</testsuite> <!-- accion.ando.RestAPiTest -->
