<?xml version="1.0" encoding="UTF-8"?>
<!-- Generated by org.testng.reporters.JUnitReportReporter -->
<testsuite skipped="0" hostname="ALIPLR2726" name="accion.ando.AppiumTest" tests="2" failures="0" timestamp="03 Mar 2020 17:22:32 GMT" time="0.005" errors="0">
  <testcase name="nativeappiOS" time="0.000" classname="accion.ando.AppiumTest"/>
  <testcase name="nativeappandroid" time="0.005" classname="accion.ando.AppiumTest"/>
</testsuite> <!-- accion.ando.AppiumTest -->
