<?xml version="1.0" encoding="UTF-8"?>
<!-- Generated by org.testng.reporters.JUnitReportReporter -->
<testsuite skipped="0" hostname="ALIPLR2726" name="accion.ando.SeleniumTest" tests="2" failures="0" timestamp="03 Mar 2020 17:22:32 GMT" time="0.001" errors="0">
  <testcase name="browserautomation" time="0.000" classname="accion.ando.SeleniumTest"/>
  <testcase name="browserautomation2" time="0.001" classname="accion.ando.SeleniumTest"/>
</testsuite> <!-- accion.ando.SeleniumTest -->
